{"F:\\git\\Automation\\background-finder\\lib\\backgroundFinder.js": {"path":"F:\\git\\Automation\\background-finder\\lib\\backgroundFinder.js","statementMap":{"0":{"start":{"line":1,"column":0},"end":{"line":57,"column":1}},"1":{"start":{"line":2,"column":27},"end":{"line":54,"column":3}},"2":{"start":{"line":3,"column":18},"end":{"line":3,"column":56}},"3":{"start":{"line":4,"column":21},"end":{"line":4,"column":55}},"4":{"start":{"line":5,"column":4},"end":{"line":5,"column":54}},"5":{"start":{"line":8,"column":28},"end":{"line":8,"column":86}},"6":{"start":{"line":9,"column":32},"end":{"line":9,"column":69}},"7":{"start":{"line":10,"column":4},"end":{"line":13,"column":5}},"8":{"start":{"line":11,"column":6},"end":{"line":11,"column":108}},"9":{"start":{"line":12,"column":6},"end":{"line":12,"column":12}},"10":{"start":{"line":16,"column":4},"end":{"line":16,"column":107}},"11":{"start":{"line":17,"column":25},"end":{"line":17,"column":76}},"12":{"start":{"line":18,"column":40},"end":{"line":18,"column":52}},"13":{"start":{"line":19,"column":28},"end":{"line":19,"column":29}},"14":{"start":{"line":21,"column":4},"end":{"line":53,"column":5}},"15":{"start":{"line":23,"column":23},"end":{"line":23,"column":35}},"16":{"start":{"line":24,"column":22},"end":{"line":24,"column":42}},"17":{"start":{"line":25,"column":6},"end":{"line":25,"column":48}},"18":{"start":{"line":26,"column":40},"end":{"line":26,"column":119}},"19":{"start":{"line":29,"column":27},"end":{"line":29,"column":29}},"20":{"start":{"line":30,"column":6},"end":{"line":34,"column":7}},"21":{"start":{"line":31,"column":8},"end":{"line":33,"column":9}},"22":{"start":{"line":32,"column":10},"end":{"line":32,"column":36}},"23":{"start":{"line":35,"column":6},"end":{"line":35,"column":46}},"24":{"start":{"line":36,"column":6},"end":{"line":36,"column":61}},"25":{"start":{"line":39,"column":24},"end":{"line":39,"column":77}},"26":{"start":{"line":39,"column":52},"end":{"line":39,"column":64}},"27":{"start":{"line":40,"column":6},"end":{"line":40,"column":43}},"28":{"start":{"line":40,"column":35},"end":{"line":40,"column":43}},"29":{"start":{"line":41,"column":6},"end":{"line":41,"column":47}},"30":{"start":{"line":42,"column":6},"end":{"line":42,"column":45}},"31":{"start":{"line":44,"column":25},"end":{"line":44,"column":61}},"32":{"start":{"line":45,"column":22},"end":{"line":45,"column":39}},"33":{"start":{"line":46,"column":6},"end":{"line":46,"column":46}},"34":{"start":{"line":48,"column":6},"end":{"line":51,"column":7}},"35":{"start":{"line":49,"column":8},"end":{"line":49,"column":65}},"36":{"start":{"line":50,"column":8},"end":{"line":50,"column":13}},"37":{"start":{"line":52,"column":6},"end":{"line":52,"column":57}},"38":{"start":{"line":56,"column":2},"end":{"line":56,"column":25}}},"fnMap":{"0":{"name":"(anonymous_0)","decl":{"start":{"line":1,"column":17},"end":{"line":1,"column":18}},"loc":{"start":{"line":1,"column":173},"end":{"line":57,"column":1}},"line":1},"1":{"name":"(anonymous_1)","decl":{"start":{"line":2,"column":27},"end":{"line":2,"column":28}},"loc":{"start":{"line":2,"column":45},"end":{"line":54,"column":3}},"line":2},"2":{"name":"(anonymous_2)","decl":{"start":{"line":39,"column":41},"end":{"line":39,"column":42}},"loc":{"start":{"line":39,"column":52},"end":{"line":39,"column":64}},"line":39}},"branchMap":{"0":{"loc":{"start":{"line":10,"column":4},"end":{"line":13,"column":5}},"type":"if","locations":[{"start":{"line":10,"column":4},"end":{"line":13,"column":5}},{"start":{"line":10,"column":4},"end":{"line":13,"column":5}}],"line":10},"1":{"loc":{"start":{"line":31,"column":8},"end":{"line":33,"column":9}},"type":"if","locations":[{"start":{"line":31,"column":8},"end":{"line":33,"column":9}},{"start":{"line":31,"column":8},"end":{"line":33,"column":9}}],"line":31},"2":{"loc":{"start":{"line":31,"column":12},"end":{"line":31,"column":74}},"type":"binary-expr","locations":[{"start":{"line":31,"column":12},"end":{"line":31,"column":39}},{"start":{"line":31,"column":43},"end":{"line":31,"column":74}}],"line":31},"3":{"loc":{"start":{"line":40,"column":6},"end":{"line":40,"column":43}},"type":"if","locations":[{"start":{"line":40,"column":6},"end":{"line":40,"column":43}},{"start":{"line":40,"column":6},"end":{"line":40,"column":43}}],"line":40},"4":{"loc":{"start":{"line":48,"column":6},"end":{"line":51,"column":7}},"type":"if","locations":[{"start":{"line":48,"column":6},"end":{"line":51,"column":7}},{"start":{"line":48,"column":6},"end":{"line":51,"column":7}}],"line":48}},"s":{"0":1,"1":1,"2":1,"3":1,"4":1,"5":1,"6":1,"7":1,"8":0,"9":0,"10":1,"11":1,"12":1,"13":1,"14":1,"15":1,"16":1,"17":1,"18":1,"19":1,"20":1,"21":1,"22":1,"23":1,"24":1,"25":1,"26":1,"27":1,"28":0,"29":1,"30":1,"31":1,"32":1,"33":1,"34":1,"35":1,"36":1,"37":0,"38":1},"f":{"0":1,"1":1,"2":1},"b":{"0":[0,1],"1":[1,0],"2":[1,1],"3":[0,1],"4":[1,0]},"_coverageSchema":"332fd63041d2c1bcb487cc26dd0d5f7d97098a6c","hash":"87f5d8c1d39ccedf7d2dd09435480675e041e9d3"}
,"F:\\git\\Automation\\background-finder\\lib\\utils\\analyseSentiment.js": {"path":"F:\\git\\Automation\\background-finder\\lib\\utils\\analyseSentiment.js","statementMap":{"0":{"start":{"line":1,"column":0},"end":{"line":27,"column":1}},"1":{"start":{"line":2,"column":19},"end":{"line":2,"column":68}},"2":{"start":{"line":3,"column":18},"end":{"line":3,"column":73}},"3":{"start":{"line":5,"column":27},"end":{"line":24,"column":3}},"4":{"start":{"line":6,"column":4},"end":{"line":6,"column":24}},"5":{"start":{"line":6,"column":15},"end":{"line":6,"column":24}},"6":{"start":{"line":7,"column":23},"end":{"line":7,"column":34}},"7":{"start":{"line":8,"column":4},"end":{"line":8,"column":54}},"8":{"start":{"line":8,"column":45},"end":{"line":8,"column":54}},"9":{"start":{"line":9,"column":4},"end":{"line":23,"column":5}},"10":{"start":{"line":10,"column":23},"end":{"line":16,"column":8}},"11":{"start":{"line":18,"column":20},"end":{"line":18,"column":77}},"12":{"start":{"line":19,"column":6},"end":{"line":19,"column":18}},"13":{"start":{"line":21,"column":6},"end":{"line":21,"column":29}},"14":{"start":{"line":22,"column":6},"end":{"line":22,"column":15}},"15":{"start":{"line":26,"column":2},"end":{"line":26,"column":25}}},"fnMap":{"0":{"name":"(anonymous_0)","decl":{"start":{"line":1,"column":17},"end":{"line":1,"column":18}},"loc":{"start":{"line":1,"column":71},"end":{"line":27,"column":1}},"line":1},"1":{"name":"(anonymous_1)","decl":{"start":{"line":5,"column":27},"end":{"line":5,"column":28}},"loc":{"start":{"line":5,"column":43},"end":{"line":24,"column":3}},"line":5}},"branchMap":{"0":{"loc":{"start":{"line":6,"column":4},"end":{"line":6,"column":24}},"type":"if","locations":[{"start":{"line":6,"column":4},"end":{"line":6,"column":24}},{"start":{"line":6,"column":4},"end":{"line":6,"column":24}}],"line":6},"1":{"loc":{"start":{"line":8,"column":4},"end":{"line":8,"column":54}},"type":"if","locations":[{"start":{"line":8,"column":4},"end":{"line":8,"column":54}},{"start":{"line":8,"column":4},"end":{"line":8,"column":54}}],"line":8},"2":{"loc":{"start":{"line":8,"column":8},"end":{"line":8,"column":43}},"type":"binary-expr","locations":[{"start":{"line":8,"column":8},"end":{"line":8,"column":22}},{"start":{"line":8,"column":26},"end":{"line":8,"column":43}}],"line":8}},"s":{"0":1,"1":3,"2":3,"3":3,"4":7,"5":2,"6":5,"7":5,"8":1,"9":4,"10":4,"11":2,"12":2,"13":2,"14":2,"15":3},"f":{"0":3,"1":7},"b":{"0":[2,5],"1":[1,4],"2":[5,5]},"_coverageSchema":"332fd63041d2c1bcb487cc26dd0d5f7d97098a6c","hash":"61c83d517d662f2452cc57fed40089e9857e2215"}
}
