TN:
SF:F:\git\Automation\background-finder\lib\backgroundFinder.js
FN:1,(anonymous_0)
FN:2,(anonymous_1)
FN:39,(anonymous_2)
FNF:3
FNH:3
FNDA:1,(anonymous_0)
FNDA:1,(anonymous_1)
FNDA:1,(anonymous_2)
DA:1,1
DA:2,1
DA:3,1
DA:4,1
DA:5,1
DA:8,1
DA:9,1
DA:10,1
DA:11,0
DA:12,0
DA:16,1
DA:17,1
DA:18,1
DA:19,1
DA:21,1
DA:23,1
DA:24,1
DA:25,1
DA:26,1
DA:29,1
DA:30,1
DA:31,1
DA:32,1
DA:35,1
DA:36,1
DA:39,1
DA:40,1
DA:41,1
DA:42,1
DA:44,1
DA:45,1
DA:46,1
DA:48,1
DA:49,1
DA:50,1
DA:52,0
DA:56,1
LF:37
LH:34
BRDA:10,0,0,0
BRDA:10,0,1,1
BRDA:31,1,0,1
BRDA:31,1,1,0
BRDA:31,2,0,1
BRDA:31,2,1,1
BRDA:40,3,0,0
BRDA:40,3,1,1
BRDA:48,4,0,1
BRDA:48,4,1,0
BRF:10
BRH:6
end_of_record
TN:
SF:F:\git\Automation\background-finder\lib\utils\analyseSentiment.js
FN:1,(anonymous_0)
FN:5,(anonymous_1)
FNF:2
FNH:2
FNDA:3,(anonymous_0)
FNDA:7,(anonymous_1)
DA:1,1
DA:2,3
DA:3,3
DA:5,3
DA:6,7
DA:7,5
DA:8,5
DA:9,4
DA:10,4
DA:18,2
DA:19,2
DA:21,2
DA:22,2
DA:26,3
LF:14
LH:14
BRDA:6,0,0,2
BRDA:6,0,1,5
BRDA:8,1,0,1
BRDA:8,1,1,4
BRDA:8,2,0,5
BRDA:8,2,1,5
BRF:6
BRH:6
end_of_record
